<?xml version="1.0" encoding="UTF-8"?>
<!-- Generated by org.testng.reporters.JUnitXMLReporter -->
<testsuite ignored="3" hostname="Arjun" failures="0" tests="1" name="Default test" time="11.543" errors="0" timestamp="2024-08-04T11:11:26 IST">
  <testcase classname="com.ecom.shopperstack.test.CartTest" name="loginTest" time="11.492"/>
  <testcase classname="com.ecom.shopperstack.test.CartTest" name="viewCart" time="0.0">
    <ignored/>
  </testcase> <!-- viewCart -->
  <testcase classname="com.ecom.shopperstack.test.CartTest" name="updateCart" time="0.0">
    <ignored/>
  </testcase> <!-- updateCart -->
  <testcase classname="com.ecom.shopperstack.test.CartTest" name="cartTest" time="0.0">
    <ignored/>
  </testcase> <!-- cartTest -->
</testsuite> <!-- Default test -->
