<?xml version="1.0" encoding="UTF-8"?>
<testng-results ignored="3" total="4" passed="1" failed="0" skipped="0">
  <reporter-output>
  </reporter-output>
  <suite started-at="2024-08-04T11:11:14 IST" name="Default suite" finished-at="2024-08-04T11:11:26 IST" duration-ms="11543">
    <groups>
    </groups>
    <test started-at="2024-08-04T11:11:14 IST" name="Default test" finished-at="2024-08-04T11:11:26 IST" duration-ms="11543">
      <class name="com.ecom.shopperstack.test.CartTest">
        <test-method signature="loginTest()[pri:0, instance:com.ecom.shopperstack.test.CartTest@383bfa16]" started-at="2024-08-04T11:11:14 IST" name="loginTest" finished-at="2024-08-04T11:11:26 IST" duration-ms="11492" status="PASS">
          <reporter-output>
          </reporter-output>
        </test-method> <!-- loginTest -->
      </class> <!-- com.ecom.shopperstack.test.CartTest -->
    </test> <!-- Default test -->
  </suite> <!-- Default suite -->
</testng-results>
